{"name": "Проверка отображения нового заказа на табло \"В работе\" в ленте заказов", "status": "broken", "statusDetails": {"message": "selenium.common.exceptions.TimeoutException: Message: \nStacktrace:\nRemoteError@chrome://remote/content/shared/RemoteError.sys.mjs:8:8\nWebDriverError@chrome://remote/content/shared/webdriver/Errors.sys.mjs:193:5\nNoSuchElementError@chrome://remote/content/shared/webdriver/Errors.sys.mjs:511:5\ndom.find/</<@chrome://remote/content/shared/DOM.sys.mjs:136:16", "trace": "self = <tests.test_orders_feed.TestOrdersFeed object at 0x000001E69D8DD8E0>, driver = <selenium.webdriver.firefox.webdriver.WebDriver (session=\"24868d5f-cea9-432c-9b2c-261744743a46\")>\n\n    @allure.title('Проверка отображения нового заказа на табло \"В работе\" в ленте заказов')\n    @allure.description('Авторизуемся в личном кабинете, создаем новый заказ, прехеодим в ленту заказов, проверяем, появился ли номер заказа на табло \"В работе\"')\n    def test_my_new_order_dsipayed_in_work(self, driver):\n        main_page = MainPage(driver)\n        main_page.open_page(Urls.BURGERS_MAIN)\n        main_page.click_account_button()\n        login_page = LoginPage(driver)\n        login_page.login_account(Credentions.CREATED_USER_1_EMAIL, Credentions.CREATED_USER_1_PASSWORD)\n        account_main_page = AccountMainPage(driver)\n        time.sleep(1)\n        account_main_page.put_ingredient_to_constructor_field(driver, AccountMainPageLocators.CRATER_BREAD_ICON)\n        time.sleep(1)\n        account_main_page.submit_order()\n        time.sleep(2)\n        my_order_number = account_main_page.get_my_order_number()\n        account_main_page.close_order_window()\n        account_main_page.go_orders_feed()\n        orders_feed_page = OrdersFeedPage(driver)\n        time.sleep(2)\n>       order_number_in_work = orders_feed_page.get_order_number_in_work()\n\ntests\\test_orders_feed.py:124: \n_ _ _ _ _ _ _ _ _ _ _ _ _ _ _ _ _ _ _ _ _ _ _ _ _ _ _ _ _ _ _ _ _ _ _ _ _ _ _ _ _ _ _ _ _ _ _ _ _ _ _ _ _ _ _ _ _ _ _ _ _ _ _ _ _ _ _ _ _ _ _ _ _ _ _ _ _ _ _ _ _ _ _ _ _ _ _ _ _ _ _ _ _ _ _ _ _ _ _ _ _ _ _ _ _ _ _ _ _ _ _ _ _ _\npages\\orders_feed_page.py:41: in get_order_number_in_work\n    get_order_number_in_work = self.wait_and_find_element(OrdersFeedLocators.ORDER_NUMBER_IN_WORK)\npages\\base_page.py:15: in wait_and_find_element\n    WebDriverWait(self.driver, 10).until(expected_conditions.visibility_of_element_located(locator))\n_ _ _ _ _ _ _ _ _ _ _ _ _ _ _ _ _ _ _ _ _ _ _ _ _ _ _ _ _ _ _ _ _ _ _ _ _ _ _ _ _ _ _ _ _ _ _ _ _ _ _ _ _ _ _ _ _ _ _ _ _ _ _ _ _ _ _ _ _ _ _ _ _ _ _ _ _ _ _ _ _ _ _ _ _ _ _ _ _ _ _ _ _ _ _ _ _ _ _ _ _ _ _ _ _ _ _ _ _ _ _ _ _ _\n\nself = <selenium.webdriver.support.wait.WebDriverWait (session=\"24868d5f-cea9-432c-9b2c-261744743a46\")>, method = <function visibility_of_element_located.<locals>._predicate at 0x000001E69DAB8400>, message = ''\n\n    def until(self, method: Callable[[D], Union[Literal[False], T]], message: str = \"\") -> T:\n        \"\"\"Calls the method provided with the driver as an argument until the \\\n        return value does not evaluate to ``False``.\n    \n        :param method: callable(WebDriver)\n        :param message: optional message for :exc:`TimeoutException`\n        :returns: the result of the last call to `method`\n        :raises: :exc:`selenium.common.exceptions.TimeoutException` if timeout occurs\n        \"\"\"\n        screen = None\n        stacktrace = None\n    \n        end_time = time.monotonic() + self._timeout\n        while True:\n            try:\n                value = method(self._driver)\n                if value:\n                    return value\n            except self._ignored_exceptions as exc:\n                screen = getattr(exc, \"screen\", None)\n                stacktrace = getattr(exc, \"stacktrace\", None)\n            time.sleep(self._poll)\n            if time.monotonic() > end_time:\n                break\n>       raise TimeoutException(message, screen, stacktrace)\nE       selenium.common.exceptions.TimeoutException: Message: \nE       Stacktrace:\nE       RemoteError@chrome://remote/content/shared/RemoteError.sys.mjs:8:8\nE       WebDriverError@chrome://remote/content/shared/webdriver/Errors.sys.mjs:193:5\nE       NoSuchElementError@chrome://remote/content/shared/webdriver/Errors.sys.mjs:511:5\nE       dom.find/</<@chrome://remote/content/shared/DOM.sys.mjs:136:16\n\n..\\..\\..\\..\\AppData\\Local\\Programs\\Python\\Python312\\Lib\\site-packages\\selenium\\webdriver\\support\\wait.py:105: TimeoutException"}, "description": "Авторизуемся в личном кабинете, создаем новый заказ, прехеодим в ленту заказов, проверяем, появился ли номер заказа на табло \"В работе\"", "steps": [{"name": "Кликнуть по кнопке \"Личный кабинет\" на главной странице", "status": "passed", "start": 1730061016541, "stop": 1730061016842}, {"name": "Авторизоваться на странице авторизации", "status": "passed", "steps": [{"name": "Ввести почту для авторизации", "status": "passed", "parameters": [{"name": "email", "value": "'yuri_khanalainen_12_711@yandex.ru'"}], "start": 1730061016842, "stop": 1730061016948}, {"name": "Ввести пароль для авторизации", "status": "passed", "parameters": [{"name": "password", "value": "'Muse2019'"}], "start": 1730061016948, "stop": 1730061016987}, {"name": "Кликнуть по кнопке подтверждения входа", "status": "passed", "start": 1730061016987, "stop": 1730061017221}], "parameters": [{"name": "email", "value": "'yuri_khanalainen_12_711@yandex.ru'"}, {"name": "password", "value": "'Muse2019'"}], "start": 1730061016842, "stop": 1730061017221}, {"name": "Переместить ингредиент в поле создания бургера", "status": "passed", "parameters": [{"name": "driver", "value": "<selenium.webdriver.firefox.webdriver.WebDriver (session=\"24868d5f-cea9-432c-9b2c-261744743a46\")>"}, {"name": "ingredient", "value": "('xpath', \".//img[@alt = 'Краторная булка N-200i']\")"}], "start": 1730061018222, "stop": 1730061018796}, {"name": "Кликнуть по кнопке оформления заказа", "status": "passed", "start": 1730061019797, "stop": 1730061020046}, {"name": "Узнать свой номер заказа из модального окна заказа", "status": "passed", "start": 1730061022046, "stop": 1730061022086}, {"name": "Закрыть модальное окно с номером оформленного заказа ", "status": "passed", "start": 1730061022086, "stop": 1730061022319}, {"name": "Переход в ленту заказов", "status": "passed", "start": 1730061022319, "stop": 1730061022607}, {"name": "Узнать номер заказа, который изготавливается", "status": "broken", "statusDetails": {"message": "selenium.common.exceptions.TimeoutException: Message: \nStacktrace:\nRemoteError@chrome://remote/content/shared/RemoteError.sys.mjs:8:8\nWebDriverError@chrome://remote/content/shared/webdriver/Errors.sys.mjs:193:5\nNoSuchElementError@chrome://remote/content/shared/webdriver/Errors.sys.mjs:511:5\ndom.find/</<@chrome://remote/content/shared/DOM.sys.mjs:136:16\n\n", "trace": "  File \"C:\\Users\\lidgu.MR_CAT\\AppData\\Local\\Programs\\Python\\Python312\\Lib\\site-packages\\allure_commons\\_allure.py\", line 192, in impl\n    return func(*a, **kw)\n           ^^^^^^^^^^^^^^\n  File \"C:\\Users\\lidgu.MR_CAT\\OneDrive\\Рабочий стол\\Diplom\\Diplom_3\\pages\\orders_feed_page.py\", line 41, in get_order_number_in_work\n    get_order_number_in_work = self.wait_and_find_element(OrdersFeedLocators.ORDER_NUMBER_IN_WORK)\n                               ^^^^^^^^^^^^^^^^^^^^^^^^^^^^^^^^^^^^^^^^^^^^^^^^^^^^^^^^^^^^^^^^^^^\n  File \"C:\\Users\\lidgu.MR_CAT\\OneDrive\\Рабочий стол\\Diplom\\Diplom_3\\pages\\base_page.py\", line 15, in wait_and_find_element\n    WebDriverWait(self.driver, 10).until(expected_conditions.visibility_of_element_located(locator))\n  File \"C:\\Users\\lidgu.MR_CAT\\AppData\\Local\\Programs\\Python\\Python312\\Lib\\site-packages\\selenium\\webdriver\\support\\wait.py\", line 105, in until\n    raise TimeoutException(message, screen, stacktrace)\n"}, "start": 1730061024608, "stop": 1730061034784}], "parameters": [{"name": "driver", "value": "'firefox'"}], "start": 1730061014032, "stop": 1730061034807, "uuid": "34e4ddca-73fc-4315-b178-6b53c4f8ab11", "historyId": "9d16ceef38402b3acdcd12ce414ae092", "testCaseId": "fcaef325999bd75a58892cc9a329ecf1", "fullName": "tests.test_orders_feed.TestOrdersFeed#test_my_new_order_dsipayed_in_work", "labels": [{"name": "parentSuite", "value": "tests"}, {"name": "suite", "value": "test_orders_feed"}, {"name": "subSuite", "value": "TestOrdersFeed"}, {"name": "host", "value": "mr_cat"}, {"name": "thread", "value": "16284-MainThread"}, {"name": "framework", "value": "pytest"}, {"name": "language", "value": "cpython3"}, {"name": "package", "value": "tests.test_orders_feed"}]}