{"name": "Проверка отображения нового заказа на табло \"В работе\" в ленте заказов", "status": "broken", "statusDetails": {"message": "selenium.common.exceptions.TimeoutException: Message: \nStacktrace:\nRemoteError@chrome://remote/content/shared/RemoteError.sys.mjs:8:8\nWebDriverError@chrome://remote/content/shared/webdriver/Errors.sys.mjs:193:5\nNoSuchElementError@chrome://remote/content/shared/webdriver/Errors.sys.mjs:511:5\ndom.find/</<@chrome://remote/content/shared/DOM.sys.mjs:136:16", "trace": "self = <tests.test_orders_feed.TestOrdersFeed object at 0x000001E44A1B18B0>, driver = <selenium.webdriver.firefox.webdriver.WebDriver (session=\"059fcba6-76ff-4344-9c4f-499bad6db600\")>\n\n    @allure.title('Проверка отображения нового заказа на табло \"В работе\" в ленте заказов')\n    @allure.description('Авторизуемся в личном кабинете, создаем новый заказ, прехеодим в ленту заказов, проверяем, появился ли номер заказа на табло \"В работе\"')\n    def test_my_new_order_displayed_in_work(self, driver):\n        main_page = MainPage(driver)\n        main_page.open_page()\n        main_page.click_account_button()\n        login_page = LoginPage(driver)\n        login_page.login_account(Credentions.CREATED_USER_1_EMAIL, Credentions.CREATED_USER_1_PASSWORD)\n        account_main_page = AccountMainPage(driver)\n        account_main_page.put_ingredient_to_constructor_field(AccountMainPageLocators.CRATER_BREAD_ICON)\n        account_main_page.submit_order()\n>       account_main_page.get_my_order_number()\n\ntests\\test_orders_feed.py:110: \n_ _ _ _ _ _ _ _ _ _ _ _ _ _ _ _ _ _ _ _ _ _ _ _ _ _ _ _ _ _ _ _ _ _ _ _ _ _ _ _ _ _ _ _ _ _ _ _ _ _ _ _ _ _ _ _ _ _ _ _ _ _ _ _ _ _ _ _ _ _ _ _ _ _ _ _ _ _ _ _ _ _ _ _ _ _ _ _ _ _ _ _ _ _ _ _ _ _ _ _ _ _ _ _ _ _ _ _ _ _ _ _ _ _\npages\\account_main_page.py:62: in get_my_order_number\n    my_order_number = self.wait_and_find_element(AccountMainPageLocators.MY_ORDER_NUMBER)\npages\\base_page.py:16: in wait_and_find_element\n    WebDriverWait(self.driver, 10).until(expected_conditions.visibility_of_element_located(locator))\n_ _ _ _ _ _ _ _ _ _ _ _ _ _ _ _ _ _ _ _ _ _ _ _ _ _ _ _ _ _ _ _ _ _ _ _ _ _ _ _ _ _ _ _ _ _ _ _ _ _ _ _ _ _ _ _ _ _ _ _ _ _ _ _ _ _ _ _ _ _ _ _ _ _ _ _ _ _ _ _ _ _ _ _ _ _ _ _ _ _ _ _ _ _ _ _ _ _ _ _ _ _ _ _ _ _ _ _ _ _ _ _ _ _\n\nself = <selenium.webdriver.support.wait.WebDriverWait (session=\"059fcba6-76ff-4344-9c4f-499bad6db600\")>, method = <function visibility_of_element_located.<locals>._predicate at 0x000001E44A39DF80>, message = ''\n\n    def until(self, method: Callable[[D], Union[Literal[False], T]], message: str = \"\") -> T:\n        \"\"\"Calls the method provided with the driver as an argument until the \\\n        return value does not evaluate to ``False``.\n    \n        :param method: callable(WebDriver)\n        :param message: optional message for :exc:`TimeoutException`\n        :returns: the result of the last call to `method`\n        :raises: :exc:`selenium.common.exceptions.TimeoutException` if timeout occurs\n        \"\"\"\n        screen = None\n        stacktrace = None\n    \n        end_time = time.monotonic() + self._timeout\n        while True:\n            try:\n                value = method(self._driver)\n                if value:\n                    return value\n            except self._ignored_exceptions as exc:\n                screen = getattr(exc, \"screen\", None)\n                stacktrace = getattr(exc, \"stacktrace\", None)\n            time.sleep(self._poll)\n            if time.monotonic() > end_time:\n                break\n>       raise TimeoutException(message, screen, stacktrace)\nE       selenium.common.exceptions.TimeoutException: Message: \nE       Stacktrace:\nE       RemoteError@chrome://remote/content/shared/RemoteError.sys.mjs:8:8\nE       WebDriverError@chrome://remote/content/shared/webdriver/Errors.sys.mjs:193:5\nE       NoSuchElementError@chrome://remote/content/shared/webdriver/Errors.sys.mjs:511:5\nE       dom.find/</<@chrome://remote/content/shared/DOM.sys.mjs:136:16\n\n..\\..\\..\\..\\AppData\\Local\\Programs\\Python\\Python312\\Lib\\site-packages\\selenium\\webdriver\\support\\wait.py:105: TimeoutException"}, "description": "Авторизуемся в личном кабинете, создаем новый заказ, прехеодим в ленту заказов, проверяем, появился ли номер заказа на табло \"В работе\"", "steps": [{"name": "Кликнуть по кнопке \"Личный кабинет\" на главной странице", "status": "passed", "start": 1730293288642, "stop": 1730293288919}, {"name": "Авторизоваться на странице авторизации", "status": "passed", "steps": [{"name": "Ввести почту для авторизации", "status": "passed", "parameters": [{"name": "email", "value": "'yuri_khanalainen_12_711@yandex.ru'"}], "start": 1730293288920, "stop": 1730293288976}, {"name": "Ввести пароль для авторизации", "status": "passed", "parameters": [{"name": "password", "value": "'Muse2019'"}], "start": 1730293288976, "stop": 1730293289000}, {"name": "Кликнуть по кнопке подтверждения входа", "status": "passed", "start": 1730293289000, "stop": 1730293289230}], "parameters": [{"name": "email", "value": "'yuri_khanalainen_12_711@yandex.ru'"}, {"name": "password", "value": "'Muse2019'"}], "start": 1730293288920, "stop": 1730293289230}, {"name": "Переместить ингредиент в поле создания бургера", "status": "passed", "parameters": [{"name": "ingredient", "value": "('xpath', \".//img[@alt = 'Краторная булка N-200i']\")"}], "start": 1730293289230, "stop": 1730293289818}, {"name": "Кликнуть по кнопке оформления заказа", "status": "passed", "start": 1730293289819, "stop": 1730293290046}, {"name": "Узнать свой номер заказа из модального окна заказа", "status": "broken", "statusDetails": {"message": "selenium.common.exceptions.TimeoutException: Message: \nStacktrace:\nRemoteError@chrome://remote/content/shared/RemoteError.sys.mjs:8:8\nWebDriverError@chrome://remote/content/shared/webdriver/Errors.sys.mjs:193:5\nNoSuchElementError@chrome://remote/content/shared/webdriver/Errors.sys.mjs:511:5\ndom.find/</<@chrome://remote/content/shared/DOM.sys.mjs:136:16\n\n", "trace": "  File \"C:\\Users\\lidgu.MR_CAT\\AppData\\Local\\Programs\\Python\\Python312\\Lib\\site-packages\\allure_commons\\_allure.py\", line 192, in impl\n    return func(*a, **kw)\n           ^^^^^^^^^^^^^^\n  File \"C:\\Users\\lidgu.MR_CAT\\OneDrive\\Рабочий стол\\Diplom_Yuri_Hanalainen_13\\Diplom_3\\pages\\account_main_page.py\", line 62, in get_my_order_number\n    my_order_number = self.wait_and_find_element(AccountMainPageLocators.MY_ORDER_NUMBER)\n                      ^^^^^^^^^^^^^^^^^^^^^^^^^^^^^^^^^^^^^^^^^^^^^^^^^^^^^^^^^^^^^^^^^^^\n  File \"C:\\Users\\lidgu.MR_CAT\\OneDrive\\Рабочий стол\\Diplom_Yuri_Hanalainen_13\\Diplom_3\\pages\\base_page.py\", line 16, in wait_and_find_element\n    WebDriverWait(self.driver, 10).until(expected_conditions.visibility_of_element_located(locator))\n  File \"C:\\Users\\lidgu.MR_CAT\\AppData\\Local\\Programs\\Python\\Python312\\Lib\\site-packages\\selenium\\webdriver\\support\\wait.py\", line 105, in until\n    raise TimeoutException(message, screen, stacktrace)\n"}, "start": 1730293290046, "stop": 1730293300112}], "parameters": [{"name": "driver", "value": "'firefox'"}], "start": 1730293285697, "stop": 1730293300112, "uuid": "7d385246-dc2e-41e1-9264-ddc3f64ef4a8", "historyId": "5db23e5b2b7bc8390b4b90e0e6f9159d", "testCaseId": "4ac161ce1c77d9de5080ab72848cc691", "fullName": "tests.test_orders_feed.TestOrdersFeed#test_my_new_order_displayed_in_work", "labels": [{"name": "parentSuite", "value": "tests"}, {"name": "suite", "value": "test_orders_feed"}, {"name": "subSuite", "value": "TestOrdersFeed"}, {"name": "host", "value": "mr_cat"}, {"name": "thread", "value": "12900-MainThread"}, {"name": "framework", "value": "pytest"}, {"name": "language", "value": "cpython3"}, {"name": "package", "value": "tests.test_orders_feed"}]}